<?xml version="1.0" encoding="UTF-8"?>
<testsuite name="com.linkedlist.MyNodeTest" tests="1" skipped="0" failures="0" errors="0" timestamp="2021-01-08T10:36:31" hostname="DESKTOP-BLCU99U" time="0.003">
  <properties/>
  <testcase name="given3NumberWhenLinkedShouldPassedLinkedListTest" classname="com.linkedlist.MyNodeTest" time="0.003"/>
  <system-out><![CDATA[]]></system-out>
  <system-err><![CDATA[]]></system-err>
</testsuite>
