<?xml version="1.0" encoding="UTF-8"?>
<testsuite name="com.linkedlist.MyLinkedListTest" tests="1" skipped="0" failures="0" errors="0" timestamp="2021-01-08T15:16:12" hostname="DESKTOP-BLCU99U" time="0.006">
  <properties/>
  <testcase name="given3NumberWhenSearchElementShouldPassLinkedListTest" classname="com.linkedlist.MyLinkedListTest" time="0.006"/>
  <system-out><![CDATA[My Nodes: 56->30->70
]]></system-out>
  <system-err><![CDATA[]]></system-err>
</testsuite>
